<?xml version="1.0" encoding="UTF-8"?>
<!-- Generated by org.testng.reporters.JUnitReportReporter -->
<testsuite hostname="DESKTOP-06CFBTH" failures="0" tests="1" name="com.jenkins.PracticeTest.Practice_03Test" time="0.172" errors="0" timestamp="30 May 2022 12:42:50 GMT" skipped="0">
  <testcase classname="com.jenkins.PracticeTest.Practice_03Test" name="practice_03Test" time="0.172"/>
</testsuite> <!-- com.jenkins.PracticeTest.Practice_03Test -->
