<?xml version="1.0" encoding="UTF-8"?>
<!-- Generated by org.testng.reporters.JUnitReportReporter -->
<testsuite hostname="DESKTOP-06CFBTH" failures="0" tests="1" name="com.jenkins.PracticeTest.Practice_02Test" time="0.184" errors="0" timestamp="30 May 2022 12:42:36 GMT" skipped="0">
  <testcase classname="com.jenkins.PracticeTest.Practice_02Test" name="practice_02Test" time="0.184"/>
</testsuite> <!-- com.jenkins.PracticeTest.Practice_02Test -->
